<?xml version="1.0" encoding="UTF-8"?>
<testng-results ignored="1" total="2" passed="1" failed="0" skipped="0">
  <reporter-output>
  </reporter-output>
  <suite started-at="2020-05-21T16:37:14 IST" name="Suite" finished-at="2020-05-21T16:37:14 IST" duration-ms="118">
    <groups>
      <group name="action1">
        <method signature="NewTest.f()[pri:0, instance:PackageAutoTest.NewTest@add0edd]" name="f" class="PackageAutoTest.NewTest"/>
      </group> <!-- action1 -->
    </groups>
    <test started-at="2020-05-21T16:37:14 IST" name="Test" finished-at="2020-05-21T16:37:14 IST" duration-ms="118">
      <class name="PackageAutoTest.NewTest">
        <test-method signature="f()[pri:0, instance:PackageAutoTest.NewTest@add0edd]" started-at="2020-05-21T16:37:14 IST" name="f" finished-at="2020-05-21T16:37:14 IST" duration-ms="19" status="PASS">
          <reporter-output>
          </reporter-output>
        </test-method> <!-- f -->
      </class> <!-- PackageAutoTest.NewTest -->
    </test> <!-- Test -->
  </suite> <!-- Suite -->
</testng-results>
