<?xml version="1.0" encoding="UTF-8"?>
<!-- Generated by org.testng.reporters.JUnitXMLReporter -->
<testsuite ignored="0" hostname="BHARGAVK-VAIO" failures="1" tests="4" name="Regression Test" time="0.171" errors="0" timestamp="2020-05-20T13:22:08 IST">
  <testcase classname="PackageAutoTest.DependsOnMethod" name="testAdd" time="0.024"/>
  <testcase classname="PackageAutoTest.DependsOnMethod" name="testDivide" time="0.006">
    <failure type="java.lang.ArithmeticException" message="/ by zero">
      <![CDATA[java.lang.ArithmeticException: / by zero
at PackageAutoTest.DependsOnMethod.testDivide(DependsOnMethod.java:23)
at java.base/java.util.ArrayList.forEach(ArrayList.java:1510)
... Removed 27 stack frames]]>
    </failure>
  </testcase> <!-- testDivide -->
  <testcase classname="PackageAutoTest.DependsOnMethod" name="testProcessEvenNumbers" time="0.016"/>
  <testcase classname="PackageAutoTest.DependsOnMethod" name="testProcessRealNumbers" time="0.0">
    <skipped/>
  </testcase> <!-- testProcessRealNumbers -->
</testsuite> <!-- Regression Test -->
