<?xml version="1.0" encoding="UTF-8"?>
<!-- Generated by org.testng.reporters.JUnitXMLReporter -->
<testsuite ignored="1" hostname="BHARGAVK-VAIO" failures="0" tests="2" name="Scenario 2 Car Loan" time="0.115" errors="0" timestamp="2020-05-18T13:08:15 IST">
  <testcase classname="PackageAutoTest.Day3" name="IncludeExcludeCombined" time="0.027"/>
  <testcase classname="PackageAutoTest.Day3" name="IncludeTest" time="0.009"/>
  <testcase classname="PackageAutoTest.Day3" name="ExcludeTest" time="0.0">
    <ignored/>
  </testcase> <!-- ExcludeTest -->
</testsuite> <!-- Scenario 2 Car Loan -->
