<?xml version="1.0" encoding="UTF-8"?>
<testng-results ignored="1" total="2" passed="1" failed="0" skipped="0">
  <reporter-output>
  </reporter-output>
  <suite started-at="2020-05-07T19:03:53 IST" name="Default suite" finished-at="2020-05-07T19:03:53 IST" duration-ms="229">
    <groups>
    </groups>
    <test started-at="2020-05-07T19:03:53 IST" name="Default test" finished-at="2020-05-07T19:03:53 IST" duration-ms="229">
      <class name="UdemeyQaClick.MavenJavaConcept.SeleniumTest">
        <test-method signature="SelenimMehod2()[pri:0, instance:UdemeyQaClick.MavenJavaConcept.SeleniumTest@60704c]" started-at="2020-05-07T19:03:53 IST" name="SelenimMehod2" finished-at="2020-05-07T19:03:53 IST" duration-ms="28" status="PASS">
          <reporter-output>
          </reporter-output>
        </test-method> <!-- SelenimMehod2 -->
      </class> <!-- UdemeyQaClick.MavenJavaConcept.SeleniumTest -->
    </test> <!-- Default test -->
  </suite> <!-- Default suite -->
</testng-results>
