<?xml version="1.0" encoding="UTF-8"?>
<!-- Generated by org.testng.reporters.JUnitXMLReporter -->
<testsuite ignored="0" hostname="BHARGAVK-VAIO" failures="0" tests="3" name="Test" time="133.829" errors="0" timestamp="19 May 2020 07:28:17 GMT">
  <testcase classname="ScrathFramework.PageNavigationTestNg" name="chooseBrowser" time="13.401"/>
  <testcase classname="ScrathFramework.DataProviderTestNgLogin" name="chooseBrowserLogin" time="40.431"/>
  <testcase classname="ScrathFramework.DataProviderTestNgLogin" name="chooseBrowserLogin" time="24.376"/>
</testsuite> <!-- Test -->
