<?xml version="1.0" encoding="UTF-8"?>
<!-- Generated by org.testng.reporters.JUnitXMLReporter -->
<testsuite ignored="0" hostname="BHARGAVK-VAIO" failures="0" tests="2" name="validating login scenarios" time="65.547" errors="0" timestamp="19 May 2020 08:14:00 GMT">
  <testcase classname="ScrathFramework.DataProviderTestNgLogin" name="chooseBrowserLogin" time="35.294"/>
  <testcase classname="ScrathFramework.DataProviderTestNgLogin" name="chooseBrowserLogin" time="16.602"/>
</testsuite> <!-- validating login scenarios -->
