<?xml version="1.0" encoding="UTF-8"?>
<testng-results ignored="0" total="7" passed="7" failed="0" skipped="0">
  <reporter-output>
  </reporter-output>
  <suite started-at="2020-05-08T15:49:58 IST" name="Suite" finished-at="2020-05-08T15:49:58 IST" duration-ms="94">
    <groups>
    </groups>
    <test started-at="2020-05-08T15:49:58 IST" name="Test" finished-at="2020-05-08T15:49:58 IST" duration-ms="94">
      <class name="MavenJavaConcept.AppiumTest">
        <test-method signature="AppiumTest1()[pri:0, instance:MavenJavaConcept.AppiumTest@351d0846]" started-at="2020-05-08T15:49:58 IST" name="AppiumTest1" finished-at="2020-05-08T15:49:58 IST" duration-ms="2" status="PASS">
          <reporter-output>
          </reporter-output>
        </test-method> <!-- AppiumTest1 -->
        <test-method signature="AppiumTest2()[pri:0, instance:MavenJavaConcept.AppiumTest@351d0846]" started-at="2020-05-08T15:49:58 IST" name="AppiumTest2" finished-at="2020-05-08T15:49:58 IST" duration-ms="1" status="PASS">
          <reporter-output>
          </reporter-output>
        </test-method> <!-- AppiumTest2 -->
      </class> <!-- MavenJavaConcept.AppiumTest -->
      <class name="MavenJavaConcept.RestApiTest">
        <test-method signature="RestMet()[pri:0, instance:MavenJavaConcept.RestApiTest@4461c7e3]" started-at="2020-05-08T15:49:58 IST" name="RestMet" finished-at="2020-05-08T15:49:58 IST" duration-ms="10" status="PASS">
          <reporter-output>
          </reporter-output>
        </test-method> <!-- RestMet -->
        <test-method signature="RestMethod2()[pri:0, instance:MavenJavaConcept.RestApiTest@4461c7e3]" started-at="2020-05-08T15:49:58 IST" name="RestMethod2" finished-at="2020-05-08T15:49:58 IST" duration-ms="1" status="PASS">
          <reporter-output>
          </reporter-output>
        </test-method> <!-- RestMethod2 -->
        <test-method signature="RestMethod3()[pri:0, instance:MavenJavaConcept.RestApiTest@4461c7e3]" started-at="2020-05-08T15:49:58 IST" name="RestMethod3" finished-at="2020-05-08T15:49:58 IST" duration-ms="2" status="PASS">
          <reporter-output>
          </reporter-output>
        </test-method> <!-- RestMethod3 -->
      </class> <!-- MavenJavaConcept.RestApiTest -->
      <class name="MavenJavaConcept.SeleniumTest">
        <test-method signature="SelenimMehod2()[pri:0, instance:MavenJavaConcept.SeleniumTest@77e4c80f]" started-at="2020-05-08T15:49:58 IST" name="SelenimMehod2" finished-at="2020-05-08T15:49:58 IST" duration-ms="0" status="PASS">
          <reporter-output>
          </reporter-output>
        </test-method> <!-- SelenimMehod2 -->
        <test-method signature="SeleniumMethod()[pri:0, instance:MavenJavaConcept.SeleniumTest@77e4c80f]" started-at="2020-05-08T15:49:58 IST" name="SeleniumMethod" finished-at="2020-05-08T15:49:58 IST" duration-ms="0" status="PASS">
          <reporter-output>
          </reporter-output>
        </test-method> <!-- SeleniumMethod -->
      </class> <!-- MavenJavaConcept.SeleniumTest -->
    </test> <!-- Test -->
  </suite> <!-- Suite -->
</testng-results>
