<?xml version="1.0" encoding="UTF-8"?>
<testng-results ignored="0" total="1" passed="1" failed="0" skipped="0">
  <reporter-output>
  </reporter-output>
  <suite started-at="2020-05-14T15:50:34 IST" name="Default suite" finished-at="2020-05-14T15:50:55 IST" duration-ms="20920">
    <groups>
    </groups>
    <test started-at="2020-05-14T15:50:34 IST" name="Default test" finished-at="2020-05-14T15:50:55 IST" duration-ms="20920">
      <class name="RediffLoginClass">
        <test-method signature="Login()[pri:0, instance:RediffLoginClass@501edcf1]" started-at="2020-05-14T15:50:34 IST" name="Login" finished-at="2020-05-14T15:50:55 IST" duration-ms="20432" status="PASS">
          <reporter-output>
          </reporter-output>
        </test-method> <!-- Login -->
      </class> <!-- RediffLoginClass -->
    </test> <!-- Default test -->
  </suite> <!-- Default suite -->
</testng-results>
