<?xml version="1.0" encoding="UTF-8"?>
<!-- Generated by org.testng.reporters.JUnitXMLReporter -->
<testsuite ignored="1" hostname="BHARGAVK-VAIO" failures="0" tests="1" name="Default test" time="0.229" errors="0" timestamp="2020-05-07T19:03:54 IST">
  <testcase classname="UdemeyQaClick.MavenJavaConcept.SeleniumTest" name="SelenimMehod2" time="0.028"/>
  <testcase classname="UdemeyQaClick.MavenJavaConcept.SeleniumTest" name="SeleniumMethod" time="0.0">
    <ignored/>
  </testcase> <!-- SeleniumMethod -->
</testsuite> <!-- Default test -->
