<?xml version="1.0" encoding="UTF-8"?>
<!-- Generated by org.testng.reporters.JUnitXMLReporter -->
<testsuite ignored="0" hostname="BHARGAVK-VAIO" failures="0" tests="7" name="Test" time="0.094" errors="0" timestamp="2020-05-08T15:49:58 IST">
  <testcase classname="MavenJavaConcept.RestApiTest" name="RestMet" time="0.01"/>
  <testcase classname="MavenJavaConcept.RestApiTest" name="RestMethod2" time="0.001"/>
  <testcase classname="MavenJavaConcept.RestApiTest" name="RestMethod3" time="0.002"/>
  <testcase classname="MavenJavaConcept.AppiumTest" name="AppiumTest1" time="0.002"/>
  <testcase classname="MavenJavaConcept.AppiumTest" name="AppiumTest2" time="0.001"/>
  <testcase classname="MavenJavaConcept.SeleniumTest" name="SelenimMehod2" time="0.0"/>
  <testcase classname="MavenJavaConcept.SeleniumTest" name="SeleniumMethod" time="0.0"/>
</testsuite> <!-- Test -->
