<?xml version="1.0" encoding="UTF-8"?>
<!-- Generated by org.testng.reporters.JUnitXMLReporter -->
<testsuite ignored="0" hostname="BHARGAVK-VAIO" failures="2" tests="2" name="login Scenarios" time="141.927" errors="0" timestamp="2020-05-20T19:50:43 IST">
  <testcase classname="ScrathFramework.DataProviderTestNgLogin" name="chooseBrowserLogin" time="103.647">
    <failure type="java.lang.AssertionError" message="expected [Invalid email .] but found [Invalid email or password.]">
      <![CDATA[java.lang.AssertionError: expected [Invalid email .] but found [Invalid email or password.]
at ScrathFramework.DataProviderTestNgLogin.chooseBrowserLogin(DataProviderTestNgLogin.java:46)
at java.base/java.util.ArrayList.forEach(ArrayList.java:1510)
at java.base/java.util.concurrent.FutureTask.run(FutureTask.java:264)
at java.base/java.util.concurrent.ThreadPoolExecutor.runWorker(ThreadPoolExecutor.java:1130)
at java.base/java.util.concurrent.ThreadPoolExecutor$Worker.run(ThreadPoolExecutor.java:630)
at java.base/java.lang.Thread.run(Thread.java:832)
... Removed 23 stack frames]]>
    </failure>
  </testcase> <!-- chooseBrowserLogin -->
  <testcase classname="ScrathFramework.DataProviderTestNgLogin" name="chooseBrowserLogin" time="20.344">
    <failure type="java.lang.AssertionError" message="expected [Invalid email .] but found [Invalid email or password.]">
      <![CDATA[java.lang.AssertionError: expected [Invalid email .] but found [Invalid email or password.]
at ScrathFramework.DataProviderTestNgLogin.chooseBrowserLogin(DataProviderTestNgLogin.java:46)
at java.base/java.util.ArrayList.forEach(ArrayList.java:1510)
at java.base/java.util.concurrent.FutureTask.run(FutureTask.java:264)
at java.base/java.util.concurrent.ThreadPoolExecutor.runWorker(ThreadPoolExecutor.java:1130)
at java.base/java.util.concurrent.ThreadPoolExecutor$Worker.run(ThreadPoolExecutor.java:630)
at java.base/java.lang.Thread.run(Thread.java:832)
... Removed 23 stack frames]]>
    </failure>
  </testcase> <!-- chooseBrowserLogin -->
</testsuite> <!-- login Scenarios -->
