<?xml version="1.0" encoding="UTF-8"?>
<!-- Generated by org.testng.reporters.JUnitXMLReporter -->
<testsuite ignored="0" hostname="BHARGAVK-VAIO" failures="2" tests="2" name="validating login scenarios" time="39.131" errors="0" timestamp="2020-05-19T18:55:03 IST">
  <testcase classname="ScrathFramework.DataProviderTestNgLogin" name="chooseBrowserLogin" time="27.773">
    <failure type="java.lang.AssertionError" message="expected [Invalid email .] but found [Invalid email or password.]">
      <![CDATA[java.lang.AssertionError: expected [Invalid email .] but found [Invalid email or password.]
at ScrathFramework.DataProviderTestNgLogin.chooseBrowserLogin(DataProviderTestNgLogin.java:46)
at java.base/java.util.ArrayList.forEach(ArrayList.java:1510)
at java.base/java.util.concurrent.FutureTask.run(FutureTask.java:264)
at java.base/java.util.concurrent.ThreadPoolExecutor.runWorker(ThreadPoolExecutor.java:1130)
at java.base/java.util.concurrent.ThreadPoolExecutor$Worker.run(ThreadPoolExecutor.java:630)
at java.base/java.lang.Thread.run(Thread.java:832)
... Removed 23 stack frames]]>
    </failure>
  </testcase> <!-- chooseBrowserLogin -->
  <testcase classname="ScrathFramework.DataProviderTestNgLogin" name="chooseBrowserLogin" time="28.228">
    <failure type="java.lang.NullPointerException">
      <![CDATA[java.lang.NullPointerException
at java.base/java.io.File.<init>(File.java:362)
at org.apache.commons.io.FileUtils.getFile(FileUtils.java:198)
at resources.Base.getScreenShot(Base.java:57)
at ScrathFramework.Listeners.onTestFailure(Listeners.java:57)
at java.base/java.util.ArrayList.forEach(ArrayList.java:1510)
at java.base/java.util.concurrent.FutureTask.run(FutureTask.java:264)
at java.base/java.util.concurrent.ThreadPoolExecutor.runWorker(ThreadPoolExecutor.java:1130)
at java.base/java.util.concurrent.ThreadPoolExecutor$Worker.run(ThreadPoolExecutor.java:630)
at java.base/java.lang.Thread.run(Thread.java:832)
... Removed 15 stack frames]]>
    </failure>
  </testcase> <!-- chooseBrowserLogin -->
</testsuite> <!-- validating login scenarios -->
