<?xml version="1.0" encoding="UTF-8"?>
<testng-results ignored="0" total="3" passed="3" failed="0" skipped="0">
  <reporter-output>
  </reporter-output>
  <suite started-at="2020-05-19T08:12:54Z" name="Suite for Testing" finished-at="2020-05-19T08:14:00Z" duration-ms="65547">
    <groups>
    </groups>
    <test started-at="2020-05-19T08:12:54Z" name="Valoidation of home page text message" finished-at="2020-05-19T08:13:34Z" duration-ms="40015">
      <class name="ScrathFramework.PageNavigationTestNg">
        <test-method is-config="true" signature="intilize()[pri:0, instance:ScrathFramework.PageNavigationTestNg@4c2cc639]" started-at="2020-05-19T08:12:54Z" name="intilize" finished-at="2020-05-19T08:13:10Z" duration-ms="16258" status="PASS">
          <reporter-output>
          </reporter-output>
        </test-method> <!-- intilize -->
        <test-method signature="chooseBrowser()[pri:0, instance:ScrathFramework.PageNavigationTestNg@4c2cc639]" started-at="2020-05-19T08:13:10Z" name="chooseBrowser" finished-at="2020-05-19T08:13:33Z" duration-ms="23117" status="PASS">
          <reporter-output>
          </reporter-output>
        </test-method> <!-- chooseBrowser -->
        <test-method is-config="true" signature="closingBrowser()[pri:0, instance:ScrathFramework.PageNavigationTestNg@4c2cc639]" started-at="2020-05-19T08:13:33Z" name="closingBrowser" finished-at="2020-05-19T08:13:34Z" duration-ms="634" status="PASS">
          <reporter-output>
          </reporter-output>
        </test-method> <!-- closingBrowser -->
      </class> <!-- ScrathFramework.PageNavigationTestNg -->
    </test> <!-- Valoidation of home page text message -->
    <test started-at="2020-05-19T08:12:54Z" name="validating login scenarios" finished-at="2020-05-19T08:14:00Z" duration-ms="65547">
      <class name="ScrathFramework.DataProviderTestNgLogin">
        <test-method is-config="true" signature="intilize()[pri:0, instance:ScrathFramework.DataProviderTestNgLogin@5ee2b6f9]" started-at="2020-05-19T08:12:54Z" name="intilize" finished-at="2020-05-19T08:13:03Z" duration-ms="9415" status="PASS">
          <reporter-output>
          </reporter-output>
        </test-method> <!-- intilize -->
        <test-method signature="chooseBrowserLogin(java.lang.String, java.lang.String, java.lang.String)[pri:0, instance:ScrathFramework.DataProviderTestNgLogin@5ee2b6f9]" started-at="2020-05-19T08:13:03Z" name="chooseBrowserLogin" data-provider="getData" finished-at="2020-05-19T08:13:39Z" duration-ms="35294" status="PASS">
          <params>
            <param index="0">
              <value>
                <![CDATA[NormalUser@gmail.com]]>
              </value>
            </param>
            <param index="1">
              <value>
                <![CDATA[password]]>
              </value>
            </param>
            <param index="2">
              <value>
                <![CDATA[printing first user]]>
              </value>
            </param>
          </params>
          <reporter-output>
          </reporter-output>
        </test-method> <!-- chooseBrowserLogin -->
        <test-method signature="chooseBrowserLogin(java.lang.String, java.lang.String, java.lang.String)[pri:0, instance:ScrathFramework.DataProviderTestNgLogin@5ee2b6f9]" started-at="2020-05-19T08:13:39Z" name="chooseBrowserLogin" data-provider="getData" finished-at="2020-05-19T08:13:55Z" duration-ms="16602" status="PASS">
          <params>
            <param index="0">
              <value>
                <![CDATA[UnauthorisedUser@gmail.com]]>
              </value>
            </param>
            <param index="1">
              <value>
                <![CDATA[Password]]>
              </value>
            </param>
            <param index="2">
              <value>
                <![CDATA[rinting Second user]]>
              </value>
            </param>
          </params>
          <reporter-output>
          </reporter-output>
        </test-method> <!-- chooseBrowserLogin -->
        <test-method is-config="true" signature="closingBrowser()[pri:0, instance:ScrathFramework.DataProviderTestNgLogin@5ee2b6f9]" started-at="2020-05-19T08:13:55Z" name="closingBrowser" finished-at="2020-05-19T08:14:00Z" duration-ms="4193" status="PASS">
          <reporter-output>
          </reporter-output>
        </test-method> <!-- closingBrowser -->
      </class> <!-- ScrathFramework.DataProviderTestNgLogin -->
    </test> <!-- validating login scenarios -->
  </suite> <!-- Suite for Testing -->
</testng-results>
